2022-11-09 02:46:38,784 INFO o.a.j.u.JMeterUtils: Setting Locale to en_EN
2022-11-09 02:46:38,852 INFO o.a.j.JMeter: Loading user properties from: /home/palominowilber/cloud-audio-converter/test_cases/apache-jmeter-5.5/bin/user.properties
2022-11-09 02:46:38,859 INFO o.a.j.JMeter: Loading system properties from: /home/palominowilber/cloud-audio-converter/test_cases/apache-jmeter-5.5/bin/system.properties
2022-11-09 02:46:38,871 INFO o.a.j.JMeter: Copyright (c) 1998-2022 The Apache Software Foundation
2022-11-09 02:46:38,872 INFO o.a.j.JMeter: Version 5.5
2022-11-09 02:46:38,872 INFO o.a.j.JMeter: java.version=11.0.16
2022-11-09 02:46:38,872 INFO o.a.j.JMeter: java.vm.name=OpenJDK 64-Bit Server VM
2022-11-09 02:46:38,872 INFO o.a.j.JMeter: os.name=Linux
2022-11-09 02:46:38,872 INFO o.a.j.JMeter: os.arch=amd64
2022-11-09 02:46:38,873 INFO o.a.j.JMeter: os.version=5.10.0-19-cloud-amd64
2022-11-09 02:46:38,873 INFO o.a.j.JMeter: file.encoding=UTF-8
2022-11-09 02:46:38,873 INFO o.a.j.JMeter: java.awt.headless=true
2022-11-09 02:46:38,873 INFO o.a.j.JMeter: Max memory     =1073741824
2022-11-09 02:46:38,873 INFO o.a.j.JMeter: Available Processors =1
2022-11-09 02:46:38,898 INFO o.a.j.JMeter: Default Locale=English (EN)
2022-11-09 02:46:38,899 INFO o.a.j.JMeter: JMeter  Locale=English (EN)
2022-11-09 02:46:38,899 INFO o.a.j.JMeter: JMeterHome=/home/palominowilber/cloud-audio-converter/test_cases/apache-jmeter-5.5
2022-11-09 02:46:38,899 INFO o.a.j.JMeter: user.dir  =/home/palominowilber/cloud-audio-converter
2022-11-09 02:46:38,899 INFO o.a.j.JMeter: PWD       =/home/palominowilber/cloud-audio-converter
2022-11-09 02:46:38,900 INFO o.a.j.JMeter: IP: 10.128.0.7 Name: j-meter FullName: j-meter.us-central1-a.c.converter-367016.internal
2022-11-09 02:46:38,912 ERROR o.a.j.JMeter: An error occurred: 
org.apache.jmeter.report.config.ConfigurationException: The file /home/palominowilber/cloud-audio-converter/cloud-audio-converter/test_cases/jmeter-escenario-1-cloud.jmx doesn't exist or can't be opened
	at org.apache.jmeter.JMeter.runNonGui(JMeter.java:927) ~[ApacheJMeter_core.jar:5.5]
	at org.apache.jmeter.JMeter.startNonGui(JMeter.java:917) ~[ApacheJMeter_core.jar:5.5]
	at org.apache.jmeter.JMeter.start(JMeter.java:485) ~[ApacheJMeter_core.jar:5.5]
	at jdk.internal.reflect.NativeMethodAccessorImpl.invoke0(Native Method) ~[?:?]
	at jdk.internal.reflect.NativeMethodAccessorImpl.invoke(NativeMethodAccessorImpl.java:62) ~[?:?]
	at jdk.internal.reflect.DelegatingMethodAccessorImpl.invoke(DelegatingMethodAccessorImpl.java:43) ~[?:?]
	at java.lang.reflect.Method.invoke(Method.java:566) ~[?:?]
	at org.apache.jmeter.NewDriver.main(NewDriver.java:259) ~[ApacheJMeter.jar:5.5]
